<?xml version="1.0" encoding="UTF-8"?>
<!-- Generated by org.testng.reporters.JUnitReportReporter -->
<testsuite skipped="0" hostname="DESKTOP-O5V99DE" name="com.crm.qa.testCases.LoginPageTest" tests="3" failures="0" timestamp="03 May 2019 01:56:43 GMT" time="46.050" errors="0">
  <testcase name="loginPageTitleTest" time="19.651" classname="com.crm.qa.testCases.LoginPageTest"/>
  <testcase name="crmLogoImageTest" time="11.185" classname="com.crm.qa.testCases.LoginPageTest"/>
  <testcase name="loginTest" time="15.214" classname="com.crm.qa.testCases.LoginPageTest"/>
</testsuite> <!-- com.crm.qa.testCases.LoginPageTest -->
