<?xml version="1.0" encoding="UTF-8"?>
<!-- Generated by org.testng.reporters.JUnitReportReporter -->
<testsuite skipped="0" hostname="DESKTOP-O5V99DE" name="com.crm.qa.testCases.HomePageTest" tests="3" failures="0" timestamp="03 May 2019 01:56:43 GMT" time="54.152" errors="0">
  <testcase name="verifyHomePageTitleTest" time="14.856" classname="com.crm.qa.testCases.HomePageTest"/>
  <testcase name="verifyCorrectUserameLable" time="15.082" classname="com.crm.qa.testCases.HomePageTest"/>
  <testcase name="verifyContactsLinkTest" time="24.214" classname="com.crm.qa.testCases.HomePageTest"/>
</testsuite> <!-- com.crm.qa.testCases.HomePageTest -->
